CRITICAL - 2024-09-21 11:47:51 --> Call to undefined method App\Controllers\Controleur::mdp()
in APPPATH\Controllers\Controleur.php on line 22.
 1 SYSTEMPATH\CodeIgniter.php(915): App\Controllers\Controleur->index()
 2 SYSTEMPATH\CodeIgniter.php(492): CodeIgniter\CodeIgniter->runController(Object(App\Controllers\Controleur))
 3 SYSTEMPATH\CodeIgniter.php(353): CodeIgniter\CodeIgniter->handleRequest(null, Object(Config\Cache), false)
 4 FCPATH\index.php(79): CodeIgniter\CodeIgniter->run()
CRITICAL - 2024-09-21 11:58:04 --> Call to undefined method App\Controllers\Controleur::mdp()
in APPPATH\Controllers\Controleur.php on line 22.
 1 SYSTEMPATH\CodeIgniter.php(915): App\Controllers\Controleur->index()
 2 SYSTEMPATH\CodeIgniter.php(492): CodeIgniter\CodeIgniter->runController(Object(App\Controllers\Controleur))
 3 SYSTEMPATH\CodeIgniter.php(353): CodeIgniter\CodeIgniter->handleRequest(null, Object(Config\Cache), false)
 4 FCPATH\index.php(79): CodeIgniter\CodeIgniter->run()
CRITICAL - 2024-09-21 12:07:04 --> date(): Argument #1 ($format) must be of type string, array given
in APPPATH\Controllers\Controleur.php on line 37.
 1 APPPATH\Controllers\Controleur.php(37): date([...])
 2 APPPATH\Controllers\Controleur.php(22): App\Controllers\Controleur->motdp()
 3 SYSTEMPATH\CodeIgniter.php(915): App\Controllers\Controleur->index()
 4 SYSTEMPATH\CodeIgniter.php(492): CodeIgniter\CodeIgniter->runController(Object(App\Controllers\Controleur))
 5 SYSTEMPATH\CodeIgniter.php(353): CodeIgniter\CodeIgniter->handleRequest(null, Object(Config\Cache), false)
 6 FCPATH\index.php(79): CodeIgniter\CodeIgniter->run()
CRITICAL - 2024-09-21 12:08:59 --> Call to a member function getResult() on bool
in APPPATH\Models\Modele.php on line 66.
 1 APPPATH\Controllers\Controleur.php(40): App\Models\Modele->creationfichefrais('a17', 'September', '2024-09-21')
 2 APPPATH\Controllers\Controleur.php(22): App\Controllers\Controleur->motdp()
 3 SYSTEMPATH\CodeIgniter.php(915): App\Controllers\Controleur->index()
 4 SYSTEMPATH\CodeIgniter.php(492): CodeIgniter\CodeIgniter->runController(Object(App\Controllers\Controleur))
 5 SYSTEMPATH\CodeIgniter.php(353): CodeIgniter\CodeIgniter->handleRequest(null, Object(Config\Cache), false)
 6 FCPATH\index.php(79): CodeIgniter\CodeIgniter->run()
CRITICAL - 2024-09-21 13:40:10 --> syntax error, unexpected token "public", expecting end of file
in APPPATH\Controllers\Controleur.php on line 104.
 1 SYSTEMPATH\Autoloader\Autoloader.php(285): CodeIgniter\Autoloader\Autoloader->includeFile('C:\\wamp64\\www\\codeigniter4-v4.4.0\\app\\Controllers\\Controleur.php')
 2 SYSTEMPATH\Autoloader\Autoloader.php(263): CodeIgniter\Autoloader\Autoloader->loadInNamespace('App\\Controllers\\Controleur')
 3 [internal function]: CodeIgniter\Autoloader\Autoloader->loadClass('App\\Controllers\\Controleur')
 4 SYSTEMPATH\CodeIgniter.php(873): class_exists('\\App\\Controllers\\Controleur', true)
 5 SYSTEMPATH\CodeIgniter.php(479): CodeIgniter\CodeIgniter->startController()
 6 SYSTEMPATH\CodeIgniter.php(353): CodeIgniter\CodeIgniter->handleRequest(null, Object(Config\Cache), false)
 7 FCPATH\index.php(79): CodeIgniter\CodeIgniter->run()
CRITICAL - 2024-09-21 13:41:32 --> syntax error, unexpected token "public", expecting end of file
in APPPATH\Controllers\Controleur.php on line 104.
 1 SYSTEMPATH\Autoloader\Autoloader.php(285): CodeIgniter\Autoloader\Autoloader->includeFile('C:\\wamp64\\www\\codeigniter4-v4.4.0\\app\\Controllers\\Controleur.php')
 2 SYSTEMPATH\Autoloader\Autoloader.php(263): CodeIgniter\Autoloader\Autoloader->loadInNamespace('App\\Controllers\\Controleur')
 3 [internal function]: CodeIgniter\Autoloader\Autoloader->loadClass('App\\Controllers\\Controleur')
 4 SYSTEMPATH\CodeIgniter.php(873): class_exists('\\App\\Controllers\\Controleur', true)
 5 SYSTEMPATH\CodeIgniter.php(479): CodeIgniter\CodeIgniter->startController()
 6 SYSTEMPATH\CodeIgniter.php(353): CodeIgniter\CodeIgniter->handleRequest(null, Object(Config\Cache), false)
 7 FCPATH\index.php(79): CodeIgniter\CodeIgniter->run()
CRITICAL - 2024-09-21 13:43:24 --> syntax error, unexpected token "public", expecting end of file
in APPPATH\Controllers\Controleur.php on line 105.
 1 SYSTEMPATH\Autoloader\Autoloader.php(285): CodeIgniter\Autoloader\Autoloader->includeFile('C:\\wamp64\\www\\codeigniter4-v4.4.0\\app\\Controllers\\Controleur.php')
 2 SYSTEMPATH\Autoloader\Autoloader.php(263): CodeIgniter\Autoloader\Autoloader->loadInNamespace('App\\Controllers\\Controleur')
 3 [internal function]: CodeIgniter\Autoloader\Autoloader->loadClass('App\\Controllers\\Controleur')
 4 SYSTEMPATH\CodeIgniter.php(873): class_exists('\\App\\Controllers\\Controleur', true)
 5 SYSTEMPATH\CodeIgniter.php(479): CodeIgniter\CodeIgniter->startController()
 6 SYSTEMPATH\CodeIgniter.php(353): CodeIgniter\CodeIgniter->handleRequest(null, Object(Config\Cache), false)
 7 FCPATH\index.php(79): CodeIgniter\CodeIgniter->run()
CRITICAL - 2024-09-21 13:48:39 --> Call to undefined method App\Controllers\Controleur::accueil()
in APPPATH\Controllers\Controleur.php on line 23.
 1 SYSTEMPATH\CodeIgniter.php(915): App\Controllers\Controleur->index()
 2 SYSTEMPATH\CodeIgniter.php(492): CodeIgniter\CodeIgniter->runController(Object(App\Controllers\Controleur))
 3 SYSTEMPATH\CodeIgniter.php(353): CodeIgniter\CodeIgniter->handleRequest(null, Object(Config\Cache), false)
 4 FCPATH\index.php(79): CodeIgniter\CodeIgniter->run()
CRITICAL - 2024-09-21 13:50:12 --> Undefined variable $mois
in APPPATH\Views\consulterFiche.php on line 40.
 1 APPPATH\Views\consulterFiche.php(40): CodeIgniter\Debug\Exceptions->errorHandler(2, 'Undefined variable $mois', 'C:\\wamp64\\www\\codeigniter4-v4.4.0\\app\\Views\\consulterFiche.php', 40)
 2 SYSTEMPATH\View\View.php(226): include('C:\\wamp64\\www\\codeigniter4-v4.4.0\\app\\Views\\consulterFiche.php')
 3 SYSTEMPATH\View\View.php(229): CodeIgniter\View\View->CodeIgniter\View\{closure}()
 4 SYSTEMPATH\Common.php(1178): CodeIgniter\View\View->render('consulterFiche', [], true)
 5 APPPATH\Controllers\Controleur.php(63): view('consulterFiche')
 6 APPPATH\Controllers\Controleur.php(23): App\Controllers\Controleur->accueil()
 7 SYSTEMPATH\CodeIgniter.php(915): App\Controllers\Controleur->index()
 8 SYSTEMPATH\CodeIgniter.php(492): CodeIgniter\CodeIgniter->runController(Object(App\Controllers\Controleur))
 9 SYSTEMPATH\CodeIgniter.php(353): CodeIgniter\CodeIgniter->handleRequest(null, Object(Config\Cache), false)
10 FCPATH\index.php(79): CodeIgniter\CodeIgniter->run()
